2025-10-25T16:35:19: 
> classified@0.1.0 start
> next start

2025-10-25T17:00:48: 
> classified@0.1.0 start
> next start

2025-10-25T17:03:07: 
> classified@0.1.0 start
> next start

2025-10-25T17:04:29: 
> classified@0.1.0 dev
> next dev

2025-10-25T17:19:46: 
> classified@0.1.0 dev
> next dev

2025-10-25T17:31:26: 
> classified@0.1.0 dev
> next dev

2025-10-25T21:52:55: 
> classified@0.1.0 dev
> next dev

2025-10-25T22:07:44: 
> classified@0.1.0 dev
> next dev

2025-10-25T22:48:00: 
> classified@0.1.0 dev
> next dev

2025-10-25T23:02:32: 
> classified@0.1.0 dev
> next dev

2025-10-26T03:44:37: 
> classified@0.1.0 dev
> next dev

2025-10-27T00:06:16: 
> classified@0.1.0 dev
> next dev

2025-10-27T00:07:37: 
> classified@0.1.0 dev
> next dev

2025-10-27T00:23:40: 
> classified@0.1.0 dev
> next dev

2025-10-27T01:04:22: 
> classified@0.1.0 dev
> next dev

2025-10-27T18:25:54: 
> classified@0.1.0 dev
> next dev

